#
# A fatal error has been detected by the Java Runtime Environment:
#
#  EXCEPTION_ACCESS_VIOLATION (0xc0000005) at pc=0x000000005d25d275, pid=11192, tid=0x0000000000001210
#
# JRE version: OpenJDK Runtime Environment (8.0_152-b01) (build 1.8.0_152-release-915-b01)
# Java VM: OpenJDK 64-Bit Server VM (25.152-b01 mixed mode windows-amd64 compressed oops)
# Problematic frame:
# V  [jvm.dll+0x4dd275]
#
# Failed to write core dump. Minidumps are not enabled by default on client versions of Windows
#
# If you would like to submit a bug report, please visit:
#   http://bugreport.java.com/bugreport/crash.jsp
#

---------------  T H R E A D  ---------------

Current thread (0x00000000164cf000):  JavaThread "C2 CompilerThread1" daemon [_thread_in_native, id=4624, stack(0x0000000017c20000,0x0000000017d20000)]

siginfo: ExceptionCode=0xc0000005, reading address 0x00000001982bed80

Registers:
RAX=0x000000005d544070, RBX=0x0000000000000016, RCX=0x0000000000000010, RDX=0x0000000000000002
RSP=0x0000000017d1c430, RBP=0x0000000017d1c530, RSI=0x000000001b736478, RDI=0x0000000017d1c910
R8 =0x0000000022daebc0, R9 =0x0000000000000000, R10=0x00000000000047b6, R11=0x0000000000000002
R12=0x000000001d396158, R13=0x0000000000000014, R14=0x000000002316d0c0, R15=0x000000002316d080
RIP=0x000000005d25d275, EFLAGS=0x0000000000010202

Top of Stack: (sp=0x0000000017d1c430)
0x0000000017d1c430:   0000000000000016 000000001f397068
0x0000000017d1c440:   0000000017d1c530 000000001b3e34f0
0x0000000017d1c450:   000000002316d0c0 000000002316d080
0x0000000017d1c460:   0000000000000016 00000000ffffffff
0x0000000017d1c470:   000000001b3e34f0 0000004000000002
0x0000000017d1c480:   0000000000000000 0000000000000007
0x0000000017d1c490:   000000001e9b38c0 0000000000000010
0x0000000017d1c4a0:   000000001c7bae50 000000060000037a
0x0000000017d1c4b0:   000000001ecc21f0 0000000000000018
0x0000000017d1c4c0:   000000001cac5640 000000000000037a
0x0000000017d1c4d0:   0000000000000030 000000001cac5640
0x0000000017d1c4e0:   00000000002d0378 000000001cac22d0
0x0000000017d1c4f0:   000000001caca2b8 00000000164952a0
0x0000000017d1c500:   0000000000000000 0000000000000000
0x0000000017d1c510:   0000000000000000 0000000000000000
0x0000000017d1c520:   0000000000000000 00000000001a57c0 

Instructions: (pc=0x000000005d25d275)
0x000000005d25d255:   00 00 e8 04 03 d7 ff e8 df 9d d8 ff 48 8b 4c 24
0x000000005d25d265:   68 8b 55 78 4c 8b 87 28 01 00 00 49 63 44 24 28
0x000000005d25d275:   49 63 34 80 85 f6 0f 84 74 01 00 00 48 8b 47 70
0x000000005d25d285:   4c 8b 48 20 8b c6 48 6b c0 70 4a 63 5c 08 30 41 


Register to memory mapping:

RAX=0x000000005d544070 is an unknown value
RBX=0x0000000000000016 is an unknown value
RCX=0x0000000000000010 is an unknown value
RDX=0x0000000000000002 is an unknown value
RSP=0x0000000017d1c430 is pointing into the stack for thread: 0x00000000164cf000
RBP=0x0000000017d1c530 is pointing into the stack for thread: 0x00000000164cf000
RSI=0x000000001b736478 is an unknown value
RDI=0x0000000017d1c910 is pointing into the stack for thread: 0x00000000164cf000
R8 =0x0000000022daebc0 is an unknown value
R9 =0x0000000000000000 is an unknown value
R10=0x00000000000047b6 is an unknown value
R11=0x0000000000000002 is an unknown value
R12=0x000000001d396158 is an unknown value
R13=0x0000000000000014 is an unknown value
R14=0x000000002316d0c0 is an unknown value
R15=0x000000002316d080 is an unknown value


Stack: [0x0000000017c20000,0x0000000017d20000],  sp=0x0000000017d1c430,  free space=1009k
Native frames: (J=compiled Java code, j=interpreted, Vv=VM code, C=native code)
V  [jvm.dll+0x4dd275]
V  [jvm.dll+0x4346e3]
V  [jvm.dll+0x43f19b]
V  [jvm.dll+0x441a6e]
V  [jvm.dll+0x424b32]
V  [jvm.dll+0x80fa9]
V  [jvm.dll+0x818df]
V  [jvm.dll+0x21d06f]
V  [jvm.dll+0x26d4aa]
C  [msvcr100.dll+0x21d9f]
C  [msvcr100.dll+0x21e3b]
C  [KERNEL32.DLL+0x13034]
C  [ntdll.dll+0x71431]


Current CompileTask:
C2:12556932 26328   !   4       com.android.builder.symbols.SymbolIo::exportToJava (721 bytes)


---------------  P R O C E S S  ---------------

Java Threads: ( => current thread )
  0x000000001bdf7800 JavaThread "stdout" daemon [_thread_in_native, id=9940, stack(0x000000004b710000,0x000000004b810000)]
  0x000000001bdee800 JavaThread "stderr" daemon [_thread_in_native, id=12048, stack(0x000000004b610000,0x000000004b710000)]
  0x000000001bdf5000 JavaThread "stdout" daemon [_thread_in_native, id=8120, stack(0x000000004b510000,0x000000004b610000)]
  0x000000001bdec000 JavaThread "stderr" daemon [_thread_in_native, id=11524, stack(0x000000004b410000,0x000000004b510000)]
  0x000000001bdf3000 JavaThread "stdout" daemon [_thread_in_native, id=2012, stack(0x000000004b310000,0x000000004b410000)]
  0x000000001bdeb800 JavaThread "stderr" daemon [_thread_in_native, id=11216, stack(0x000000004b210000,0x000000004b310000)]
  0x000000001bdef000 JavaThread "stdout" daemon [_thread_in_native, id=8068, stack(0x000000004b110000,0x000000004b210000)]
  0x000000001bdf1800 JavaThread "stderr" daemon [_thread_in_native, id=3976, stack(0x000000004b010000,0x000000004b110000)]
  0x000000001bdf2000 JavaThread "queued-resource-processor_84" daemon [_thread_blocked, id=1320, stack(0x000000004af10000,0x000000004b010000)]
  0x000000001bded000 JavaThread "queued-resource-processor_83" daemon [_thread_blocked, id=9576, stack(0x000000004ae10000,0x000000004af10000)]
  0x000000001bdea800 JavaThread "queued-resource-processor_82" daemon [_thread_blocked, id=11820, stack(0x000000004ad10000,0x000000004ae10000)]
  0x000000001bdf0800 JavaThread "queued-resource-processor_81" daemon [_thread_blocked, id=832, stack(0x000000004ac10000,0x000000004ad10000)]
  0x000000001bdf0000 JavaThread "Task worker for ':' Thread 3" [_thread_blocked, id=4552, stack(0x0000000049e10000,0x0000000049f10000)]
  0x000000001e836800 JavaThread "Task worker for ':' Thread 2" [_thread_blocked, id=9000, stack(0x0000000049d10000,0x0000000049e10000)]
  0x000000001e834800 JavaThread "Task worker for ':'" [_thread_in_native, id=2524, stack(0x0000000049c10000,0x0000000049d10000)]
  0x000000001e835000 JavaThread "Cache worker for task history cache (F:\AutoRideNewRider\AutoRideRider\AutoRideRider\.gradle\4.1\taskHistory)" [_thread_blocked, id=10696, stack(0x0000000049b10000,0x0000000049c10000)]
  0x000000001e836000 JavaThread "Cache worker for file content cache (F:\AutoRideNewRider\AutoRideRider\AutoRideRider\.gradle\4.1\fileContent)" [_thread_blocked, id=11968, stack(0x0000000049a10000,0x0000000049b10000)]
  0x000000001e837800 JavaThread "build operations Thread 4" [_thread_blocked, id=11864, stack(0x0000000049910000,0x0000000049a10000)]
  0x000000001e833800 JavaThread "build operations Thread 3" [_thread_blocked, id=6956, stack(0x0000000049810000,0x0000000049910000)]
  0x000000001e82b800 JavaThread "build operations Thread 2" [_thread_blocked, id=8000, stack(0x0000000049710000,0x0000000049810000)]
  0x000000001e831800 JavaThread "build operations" [_thread_blocked, id=10352, stack(0x0000000049610000,0x0000000049710000)]
  0x000000001e82a000 JavaThread "Cache worker for Artifact transforms cache (C:\Users\goldenreign\.gradle\caches\transforms-1)" [_thread_blocked, id=8920, stack(0x0000000049510000,0x0000000049610000)]
  0x000000001e830800 JavaThread "Cache worker for file hash cache (F:\AutoRideNewRider\AutoRideRider\AutoRideRider\.gradle\4.1\fileHashes)" [_thread_blocked, id=8984, stack(0x0000000049410000,0x0000000049510000)]
  0x000000001e82c000 JavaThread "Stdin handler" [_thread_blocked, id=3060, stack(0x0000000049310000,0x0000000049410000)]
  0x000000001e829000 JavaThread "Asynchronous log dispatcher for DefaultDaemonConnection: socket connection from /127.0.0.1:60216 to /127.0.0.1:56799" [_thread_blocked, id=3664, stack(0x0000000049210000,0x0000000049310000)]
  0x000000001e82a800 JavaThread "Daemon worker Thread 17" [_thread_blocked, id=7336, stack(0x0000000049110000,0x0000000049210000)]
  0x000000001e82d000 JavaThread "Cancel handler" [_thread_blocked, id=8268, stack(0x0000000049010000,0x0000000049110000)]
  0x000000001e830000 JavaThread "Handler for socket connection from /127.0.0.1:60216 to /127.0.0.1:56799" [_thread_in_native, id=9076, stack(0x0000000048f10000,0x0000000049010000)]
  0x000000001e828800 JavaThread "Daemon Thread 17" [_thread_blocked, id=6960, stack(0x0000000048e10000,0x0000000048f10000)]
  0x000000001bded800 JavaThread "Memory manager" [_thread_blocked, id=7392, stack(0x0000000020fd0000,0x00000000210d0000)]
  0x000000001ba1b000 JavaThread "pool-1-thread-1" [_thread_blocked, id=10136, stack(0x0000000020610000,0x0000000020710000)]
  0x000000001bc48800 JavaThread "File lock request listener" [_thread_in_native, id=10964, stack(0x000000001dfb0000,0x000000001e0b0000)]
  0x000000001c151000 JavaThread "Cache worker for file hash cache (C:\Users\goldenreign\.gradle\caches\4.1\fileHashes)" [_thread_blocked, id=11168, stack(0x000000001cec0000,0x000000001cfc0000)]
  0x0000000019326000 JavaThread "Daemon periodic checks" [_thread_blocked, id=9272, stack(0x000000001a370000,0x000000001a470000)]
  0x0000000019505800 JavaThread "Incoming local TCP Connector on port 60216" [_thread_in_native, id=11636, stack(0x000000001a130000,0x000000001a230000)]
  0x0000000016529800 JavaThread "Service Thread" daemon [_thread_blocked, id=10312, stack(0x0000000018220000,0x0000000018320000)]
  0x0000000016500800 JavaThread "C1 CompilerThread2" daemon [_thread_blocked, id=4900, stack(0x0000000017d20000,0x0000000017e20000)]
=>0x00000000164cf000 JavaThread "C2 CompilerThread1" daemon [_thread_in_native, id=4624, stack(0x0000000017c20000,0x0000000017d20000)]
  0x00000000164cb800 JavaThread "C2 CompilerThread0" daemon [_thread_blocked, id=3996, stack(0x0000000017b20000,0x0000000017c20000)]
  0x00000000164ca000 JavaThread "Attach Listener" daemon [_thread_blocked, id=5688, stack(0x0000000017a20000,0x0000000017b20000)]
  0x00000000164c9000 JavaThread "Signal Dispatcher" daemon [_thread_blocked, id=2264, stack(0x0000000017920000,0x0000000017a20000)]
  0x0000000002b3a800 JavaThread "Finalizer" daemon [_thread_blocked, id=3632, stack(0x0000000017730000,0x0000000017830000)]
  0x0000000002b31000 JavaThread "Reference Handler" daemon [_thread_blocked, id=3108, stack(0x0000000017630000,0x0000000017730000)]
  0x0000000002a42800 JavaThread "main" [_thread_blocked, id=5852, stack(0x0000000002940000,0x0000000002a40000)]

Other Threads:
  0x0000000016495800 VMThread [stack: 0x0000000017530000,0x0000000017630000] [id=6104]
  0x000000001652b000 WatcherThread [stack: 0x0000000018320000,0x0000000018420000] [id=2376]

VM state:not at safepoint (normal execution)

VM Mutex/Monitor currently owned by a thread: None

Heap:
 PSYoungGen      total 440320K, used 194611K [0x00000000e0000000, 0x0000000100000000, 0x0000000100000000)
  eden space 356352K, 31% used [0x00000000e0000000,0x00000000e6c107d8,0x00000000f5c00000)
  from space 83968K, 99% used [0x00000000f5c00000,0x00000000fadfc468,0x00000000fae00000)
  to   space 83968K, 0% used [0x00000000fae00000,0x00000000fae00000,0x0000000100000000)
 ParOldGen       total 248832K, used 161182K [0x00000000a0000000, 0x00000000af300000, 0x00000000e0000000)
  object space 248832K, 64% used [0x00000000a0000000,0x00000000a9d67850,0x00000000af300000)
 Metaspace       used 84015K, capacity 91120K, committed 91352K, reserved 1128448K
  class space    used 10548K, capacity 12131K, committed 12288K, reserved 1048576K

Card table byte_map: [0x0000000011f00000,0x0000000012210000] byte_map_base: 0x0000000011a00000

Marking Bits: (ParMarkBitMap*) 0x000000005d543950
 Begin Bits: [0x0000000012810000, 0x0000000014010000)
 End Bits:   [0x0000000014010000, 0x0000000015810000)

Polling page: 0x0000000000be0000

CodeCache: size=245760Kb used=75270Kb max_used=75377Kb free=170489Kb
 bounds [0x0000000002b40000, 0x0000000007570000, 0x0000000011b40000]
 total_blobs=20224 nmethods=19377 adapters=758
 compilation: enabled

Compilation events (10 events):
Event: 12552.381 Thread 0x0000000016500800 nmethod 26325 0x0000000002ece4d0 code [0x0000000002ece6a0, 0x0000000002ecf118]
Event: 12552.417 Thread 0x00000000164cb800 nmethod 26315 0x0000000007554790 code [0x0000000007554be0, 0x00000000075584b0]
Event: 12552.419 Thread 0x00000000164cb800 26317       4       java.util.stream.ReferencePipeline$3$1::<init> (11 bytes)
Event: 12552.420 Thread 0x00000000164cb800 nmethod 26317 0x00000000074f01d0 code [0x00000000074f0320, 0x00000000074f0418]
Event: 12552.483 Thread 0x00000000164cb800 26326       4       java.util.TimSort::mergeHi (732 bytes)
Event: 12552.509 Thread 0x00000000164cb800 nmethod 26326 0x0000000007537990 code [0x0000000007537b40, 0x0000000007539338]
Event: 12552.580 Thread 0x00000000164cf000 nmethod 26318 0x0000000007562310 code [0x0000000007562800, 0x00000000075671f0]
Event: 12552.598 Thread 0x00000000164cb800 26327   !   4       java.io.PrintWriter::newLine (66 bytes)
Event: 12552.616 Thread 0x00000000164cb800 nmethod 26327 0x000000000753b010 code [0x000000000753b1c0, 0x000000000753c3e8]
Event: 12552.732 Thread 0x00000000164cf000 26328   !   4       com.android.builder.symbols.SymbolIo::exportToJava (721 bytes)

GC Heap History (10 events):
Event: 12077.995 GC heap before
{Heap before GC invocations=54 (full 5):
 PSYoungGen      total 470528K, used 449296K [0x00000000e0000000, 0x00000000ffd00000, 0x0000000100000000)
  eden space 421888K, 100% used [0x00000000e0000000,0x00000000f9c00000,0x00000000f9c00000)
  from space 48640K, 56% used [0x00000000fcb00000,0x00000000fe5c4238,0x00000000ffa80000)
  to   space 48128K, 0% used [0x00000000f9c00000,0x00000000f9c00000,0x00000000fcb00000)
 ParOldGen       total 248832K, used 92554K [0x00000000a0000000, 0x00000000af300000, 0x00000000e0000000)
  object space 248832K, 37% used [0x00000000a0000000,0x00000000a5a62af0,0x00000000af300000)
 Metaspace       used 83454K, capacity 90180K, committed 90456K, reserved 1128448K
  class space    used 10474K, capacity 11989K, committed 12160K, reserved 1048576K
Event: 12078.007 GC heap after
Heap after GC invocations=54 (full 5):
 PSYoungGen      total 470016K, used 9775K [0x00000000e0000000, 0x00000000ffe80000, 0x0000000100000000)
  eden space 421888K, 0% used [0x00000000e0000000,0x00000000e0000000,0x00000000f9c00000)
  from space 48128K, 20% used [0x00000000f9c00000,0x00000000fa58be78,0x00000000fcb00000)
  to   space 47616K, 0% used [0x00000000fd000000,0x00000000fd000000,0x00000000ffe80000)
 ParOldGen       total 248832K, used 92714K [0x00000000a0000000, 0x00000000af300000, 0x00000000e0000000)
  object space 248832K, 37% used [0x00000000a0000000,0x00000000a5a8a928,0x00000000af300000)
 Metaspace       used 83454K, capacity 90180K, committed 90456K, reserved 1128448K
  class space    used 10474K, capacity 11989K, committed 12160K, reserved 1048576K
}
Event: 12083.627 GC heap before
{Heap before GC invocations=55 (full 5):
 PSYoungGen      total 470016K, used 431663K [0x00000000e0000000, 0x00000000ffe80000, 0x0000000100000000)
  eden space 421888K, 100% used [0x00000000e0000000,0x00000000f9c00000,0x00000000f9c00000)
  from space 48128K, 20% used [0x00000000f9c00000,0x00000000fa58be78,0x00000000fcb00000)
  to   space 47616K, 0% used [0x00000000fd000000,0x00000000fd000000,0x00000000ffe80000)
 ParOldGen       total 248832K, used 92714K [0x00000000a0000000, 0x00000000af300000, 0x00000000e0000000)
  object space 248832K, 37% used [0x00000000a0000000,0x00000000a5a8a928,0x00000000af300000)
 Metaspace       used 83487K, capacity 90180K, committed 90456K, reserved 1128448K
  class space    used 10475K, capacity 11989K, committed 12160K, reserved 1048576K
Event: 12083.695 GC heap after
Heap after GC invocations=55 (full 5):
 PSYoungGen      total 449024K, used 47612K [0x00000000e0000000, 0x0000000100000000, 0x0000000100000000)
  eden space 401408K, 0% used [0x00000000e0000000,0x00000000e0000000,0x00000000f8800000)
  from space 47616K, 99% used [0x00000000fd000000,0x00000000ffe7f218,0x00000000ffe80000)
  to   space 61440K, 0% used [0x00000000f8800000,0x00000000f8800000,0x00000000fc400000)
 ParOldGen       total 248832K, used 110895K [0x00000000a0000000, 0x00000000af300000, 0x00000000e0000000)
  object space 248832K, 44% used [0x00000000a0000000,0x00000000a6c4bd10,0x00000000af300000)
 Metaspace       used 83487K, capacity 90180K, committed 90456K, reserved 1128448K
  class space    used 10475K, capacity 11989K, committed 12160K, reserved 1048576K
}
Event: 12294.012 GC heap before
{Heap before GC invocations=56 (full 5):
 PSYoungGen      total 449024K, used 449020K [0x00000000e0000000, 0x0000000100000000, 0x0000000100000000)
  eden space 401408K, 100% used [0x00000000e0000000,0x00000000f8800000,0x00000000f8800000)
  from space 47616K, 99% used [0x00000000fd000000,0x00000000ffe7f218,0x00000000ffe80000)
  to   space 61440K, 0% used [0x00000000f8800000,0x00000000f8800000,0x00000000fc400000)
 ParOldGen       total 248832K, used 110895K [0x00000000a0000000, 0x00000000af300000, 0x00000000e0000000)
  object space 248832K, 44% used [0x00000000a0000000,0x00000000a6c4bd10,0x00000000af300000)
 Metaspace       used 83781K, capacity 90692K, committed 90968K, reserved 1128448K
  class space    used 10526K, capacity 12073K, committed 12160K, reserved 1048576K
Event: 12294.119 GC heap after
Heap after GC invocations=56 (full 5):
 PSYoungGen      total 462848K, used 61415K [0x00000000e0000000, 0x0000000100000000, 0x0000000100000000)
  eden space 401408K, 0% used [0x00000000e0000000,0x00000000e0000000,0x00000000f8800000)
  from space 61440K, 99% used [0x00000000f8800000,0x00000000fc3f9c98,0x00000000fc400000)
  to   space 61440K, 0% used [0x00000000fc400000,0x00000000fc400000,0x0000000100000000)
 ParOldGen       total 248832K, used 124567K [0x00000000a0000000, 0x00000000af300000, 0x00000000e0000000)
  object space 248832K, 50% used [0x00000000a0000000,0x00000000a79a5e30,0x00000000af300000)
 Metaspace       used 83781K, capacity 90692K, committed 90968K, reserved 1128448K
  class space    used 10526K, capacity 12073K, committed 12160K, reserved 1048576K
}
Event: 12302.181 GC heap before
{Heap before GC invocations=57 (full 5):
 PSYoungGen      total 462848K, used 462734K [0x00000000e0000000, 0x0000000100000000, 0x0000000100000000)
  eden space 401408K, 99% used [0x00000000e0000000,0x00000000f87e9b98,0x00000000f8800000)
  from space 61440K, 99% used [0x00000000f8800000,0x00000000fc3f9c98,0x00000000fc400000)
  to   space 61440K, 0% used [0x00000000fc400000,0x00000000fc400000,0x0000000100000000)
 ParOldGen       total 248832K, used 124567K [0x00000000a0000000, 0x00000000af300000, 0x00000000e0000000)
  object space 248832K, 50% used [0x00000000a0000000,0x00000000a79a5e30,0x00000000af300000)
 Metaspace       used 83872K, capacity 90808K, committed 90968K, reserved 1128448K
  class space    used 10530K, capacity 12081K, committed 12160K, reserved 1048576K
Event: 12302.231 GC heap after
Heap after GC invocations=57 (full 5):
 PSYoungGen      total 417792K, used 61418K [0x00000000e0000000, 0x0000000100000000, 0x0000000100000000)
  eden space 356352K, 0% used [0x00000000e0000000,0x00000000e0000000,0x00000000f5c00000)
  from space 61440K, 99% used [0x00000000fc400000,0x00000000ffffabf8,0x0000000100000000)
  to   space 83968K, 0% used [0x00000000f5c00000,0x00000000f5c00000,0x00000000fae00000)
 ParOldGen       total 248832K, used 127173K [0x00000000a0000000, 0x00000000af300000, 0x00000000e0000000)
  object space 248832K, 51% used [0x00000000a0000000,0x00000000a7c31420,0x00000000af300000)
 Metaspace       used 83872K, capacity 90808K, committed 90968K, reserved 1128448K
  class space    used 10530K, capacity 12081K, committed 12160K, reserved 1048576K
}
Event: 12549.987 GC heap before
{Heap before GC invocations=58 (full 5):
 PSYoungGen      total 417792K, used 412022K [0x00000000e0000000, 0x0000000100000000, 0x0000000100000000)
  eden space 356352K, 98% used [0x00000000e0000000,0x00000000f5662dc8,0x00000000f5c00000)
  from space 61440K, 99% used [0x00000000fc400000,0x00000000ffffabf8,0x0000000100000000)
  to   space 83968K, 0% used [0x00000000f5c00000,0x00000000f5c00000,0x00000000fae00000)
 ParOldGen       total 248832K, used 127173K [0x00000000a0000000, 0x00000000af300000, 0x00000000e0000000)
  object space 248832K, 51% used [0x00000000a0000000,0x00000000a7c31420,0x00000000af300000)
 Metaspace       used 84013K, capacity 91120K, committed 91352K, reserved 1128448K
  class space    used 10548K, capacity 12131K, committed 12288K, reserved 1048576K
Event: 12550.106 GC heap after
Heap after GC invocations=58 (full 5):
 PSYoungGen      total 440320K, used 83953K [0x00000000e0000000, 0x0000000100000000, 0x0000000100000000)
  eden space 356352K, 0% used [0x00000000e0000000,0x00000000e0000000,0x00000000f5c00000)
  from space 83968K, 99% used [0x00000000f5c00000,0x00000000fadfc468,0x00000000fae00000)
  to   space 83968K, 0% used [0x00000000fae00000,0x00000000fae00000,0x0000000100000000)
 ParOldGen       total 248832K, used 161182K [0x00000000a0000000, 0x00000000af300000, 0x00000000e0000000)
  object space 248832K, 64% used [0x00000000a0000000,0x00000000a9d67850,0x00000000af300000)
 Metaspace       used 84013K, capacity 91120K, committed 91352K, reserved 1128448K
  class space    used 10548K, capacity 12131K, committed 12288K, reserved 1048576K
}

Deoptimization events (10 events):
Event: 12549.597 Thread 0x000000001e834800 Uncommon trap: reason=unstable_if action=reinterpret pc=0x000000000705d66c method=com.android.ide.common.res2.ResourceMerger.filterAccept(Lcom/android/ide/common/res2/ResourceItem;)Z @ 4
Event: 12549.951 Thread 0x000000001e834800 Uncommon trap: reason=unstable_if action=reinterpret pc=0x0000000007129794 method=com.android.ide.common.res2.NodeUtils.duplicateNode(Lorg/w3c/dom/Document;Lorg/w3c/dom/Node;)Lorg/w3c/dom/Node; @ 85
Event: 12549.951 Thread 0x000000001e834800 Uncommon trap: reason=speculate_class_check action=maybe_recompile pc=0x0000000005cb9d6c method=com.sun.org.apache.xerces.internal.dom.ElementNSImpl.getNamespaceURI()Ljava/lang/String; @ 8
Event: 12549.951 Thread 0x000000001e834800 Uncommon trap: reason=speculate_class_check action=maybe_recompile pc=0x0000000005cb9d6c method=com.sun.org.apache.xerces.internal.dom.ElementNSImpl.getNamespaceURI()Ljava/lang/String; @ 8
Event: 12549.952 Thread 0x000000001e834800 Uncommon trap: reason=speculate_class_check action=maybe_recompile pc=0x0000000005cb9d6c method=com.sun.org.apache.xerces.internal.dom.ElementNSImpl.getNamespaceURI()Ljava/lang/String; @ 8
Event: 12549.952 Thread 0x000000001e834800 Uncommon trap: reason=speculate_class_check action=maybe_recompile pc=0x0000000005cb9d6c method=com.sun.org.apache.xerces.internal.dom.ElementNSImpl.getNamespaceURI()Ljava/lang/String; @ 8
Event: 12550.248 Thread 0x000000001e834800 Uncommon trap: reason=class_check action=maybe_recompile pc=0x00000000074cc304 method=java.util.stream.Sink$ChainedReference.<init>(Ljava/util/stream/Sink;)V @ 9
Event: 12550.248 Thread 0x000000001e834800 Uncommon trap: reason=class_check action=maybe_recompile pc=0x00000000074cc304 method=java.util.stream.Sink$ChainedReference.<init>(Ljava/util/stream/Sink;)V @ 9
Event: 12550.248 Thread 0x000000001e834800 Uncommon trap: reason=class_check action=maybe_recompile pc=0x00000000074cc304 method=java.util.stream.Sink$ChainedReference.<init>(Ljava/util/stream/Sink;)V @ 9
Event: 12550.249 Thread 0x000000001e834800 Uncommon trap: reason=class_check action=maybe_recompile pc=0x00000000074cc304 method=java.util.stream.Sink$ChainedReference.<init>(Ljava/util/stream/Sink;)V @ 9

Classes redefined (0 events):
No events

Internal exceptions (10 events):
Event: 12301.229 Thread 0x000000001e829000 Exception <a 'sun/nio/fs/WindowsException'> (0x00000000f427e0e0) thrown at [D:\src\AOSP-openjdk-cygwin\jdk8u\hotspot\src\share\vm\prims\jni.cpp, line 709]
Event: 12301.239 Thread 0x000000001e830800 Exception <a 'sun/nio/fs/WindowsException'> (0x00000000f4559e18) thrown at [D:\src\AOSP-openjdk-cygwin\jdk8u\hotspot\src\share\vm\prims\jni.cpp, line 709]
Event: 12301.291 Thread 0x000000001e829000 Exception <a 'sun/nio/fs/WindowsException'> (0x00000000f49e13e8) thrown at [D:\src\AOSP-openjdk-cygwin\jdk8u\hotspot\src\share\vm\prims\jni.cpp, line 709]
Event: 12301.307 Thread 0x000000001e830800 Exception <a 'sun/nio/fs/WindowsException'> (0x00000000f4c01270) thrown at [D:\src\AOSP-openjdk-cygwin\jdk8u\hotspot\src\share\vm\prims\jni.cpp, line 709]
Event: 12301.368 Thread 0x000000001e830800 Exception <a 'sun/nio/fs/WindowsException'> (0x00000000f5358138) thrown at [D:\src\AOSP-openjdk-cygwin\jdk8u\hotspot\src\share\vm\prims\jni.cpp, line 709]
Event: 12302.342 Thread 0x000000001bded000 Exception <a 'sun/nio/fs/WindowsException'> (0x00000000e0ec7d10) thrown at [D:\src\AOSP-openjdk-cygwin\jdk8u\hotspot\src\share\vm\prims\jni.cpp, line 709]
Event: 12548.155 Thread 0x000000001e82a800 Exception <a 'java/lang/ClassNotFoundException': sync_local_repo2320_al0f0h2evgzy6zivyl6fn415gBeanInfo> (0x00000000e181f0b0) thrown at [D:\src\AOSP-openjdk-cygwin\jdk8u\hotspot\src\share\vm\classfile\systemDictionary.cpp, line 210]
Event: 12548.155 Thread 0x000000001e82a800 Exception <a 'java/lang/ClassNotFoundException': sync_local_repo2320_al0f0h2evgzy6zivyl6fn415gCustomizer> (0x00000000e1829968) thrown at [D:\src\AOSP-openjdk-cygwin\jdk8u\hotspot\src\share\vm\classfile\systemDictionary.cpp, line 210]
Event: 12548.360 Thread 0x000000001e82a800 Exception <a 'sun/nio/fs/WindowsException'> (0x00000000e46fefe8) thrown at [D:\src\AOSP-openjdk-cygwin\jdk8u\hotspot\src\share\vm\prims\jni.cpp, line 709]
Event: 12549.597 Thread 0x000000001e834800 Implicit null exception at 0x000000000705c853 to 0x000000000705d655

Events (10 events):
Event: 12552.617 Thread 0x00000000164cb800 flushing nmethod 0x00000000059e8e50
Event: 12552.617 Thread 0x00000000164cb800 flushing nmethod 0x0000000005a31350
Event: 12552.617 Thread 0x00000000164cb800 flushing nmethod 0x0000000005a6df10
Event: 12552.617 Thread 0x00000000164cb800 flushing nmethod 0x0000000005bbda50
Event: 12552.617 Thread 0x00000000164cb800 flushing nmethod 0x0000000005bbfc10
Event: 12552.618 Thread 0x00000000164cb800 flushing nmethod 0x0000000005c6ded0
Event: 12552.732 Thread 0x000000001e834800 DEOPT PACKING pc=0x0000000004b4efe6 sp=0x0000000049d0cab0
Event: 12552.732 Thread 0x000000001e834800 DEOPT UNPACKING pc=0x0000000002b875bf sp=0x0000000049d0c940 mode 0
Event: 12553.235 Thread 0x000000001e834800 DEOPT PACKING pc=0x0000000004b4f063 sp=0x0000000049d0cab0
Event: 12553.235 Thread 0x000000001e834800 DEOPT UNPACKING pc=0x0000000002b875bf sp=0x0000000049d0c940 mode 0


Dynamic libraries:
0x00007ff6e2d40000 - 0x00007ff6e2d71000 	E:\android-studio\jre\bin\java.exe
0x00007fff26ef0000 - 0x00007fff270d1000 	C:\WINDOWS\SYSTEM32\ntdll.dll
0x00007fff26da0000 - 0x00007fff26e52000 	C:\WINDOWS\System32\KERNEL32.DLL
0x00007fff232e0000 - 0x00007fff23553000 	C:\WINDOWS\System32\KERNELBASE.dll
0x00007fff25fe0000 - 0x00007fff26081000 	C:\WINDOWS\System32\ADVAPI32.dll
0x00007fff260d0000 - 0x00007fff2616e000 	C:\WINDOWS\System32\msvcrt.dll
0x00007fff267f0000 - 0x00007fff2684b000 	C:\WINDOWS\System32\sechost.dll
0x00007fff24710000 - 0x00007fff24834000 	C:\WINDOWS\System32\RPCRT4.dll
0x00007fff24580000 - 0x00007fff24710000 	C:\WINDOWS\System32\USER32.dll
0x00007fff232c0000 - 0x00007fff232e0000 	C:\WINDOWS\System32\win32u.dll
0x00007fff24840000 - 0x00007fff24868000 	C:\WINDOWS\System32\GDI32.dll
0x00007fff23fd0000 - 0x00007fff24162000 	C:\WINDOWS\System32\gdi32full.dll
0x00007fff23560000 - 0x00007fff235ff000 	C:\WINDOWS\System32\msvcp_win.dll
0x00007fff24170000 - 0x00007fff2426a000 	C:\WINDOWS\System32\ucrtbase.dll
0x00007fff14fc0000 - 0x00007fff15229000 	C:\WINDOWS\WinSxS\amd64_microsoft.windows.common-controls_6595b64144ccf1df_6.0.17134.112_none_fb3f961b30681c12\COMCTL32.dll
0x00007fff263d0000 - 0x00007fff266f3000 	C:\WINDOWS\System32\combase.dll
0x00007fff23600000 - 0x00007fff2367a000 	C:\WINDOWS\System32\bcryptPrimitives.dll
0x00007fff249f0000 - 0x00007fff24a1d000 	C:\WINDOWS\System32\IMM32.DLL
0x000000005cca0000 - 0x000000005cd72000 	E:\android-studio\jre\jre\bin\msvcr100.dll
0x000000005cd80000 - 0x000000005d5be000 	E:\android-studio\jre\jre\bin\server\jvm.dll
0x00007fff263c0000 - 0x00007fff263c8000 	C:\WINDOWS\System32\PSAPI.DLL
0x00007fff1fe50000 - 0x00007fff1fe73000 	C:\WINDOWS\SYSTEM32\WINMM.dll
0x00007fff120f0000 - 0x00007fff120f9000 	C:\WINDOWS\SYSTEM32\WSOCK32.dll
0x00007fff26350000 - 0x00007fff263bc000 	C:\WINDOWS\System32\WS2_32.dll
0x00007fff18260000 - 0x00007fff1826a000 	C:\WINDOWS\SYSTEM32\VERSION.dll
0x00007fff1fdd0000 - 0x00007fff1fdfa000 	C:\WINDOWS\SYSTEM32\WINMMBASE.dll
0x00007fff23d90000 - 0x00007fff23dd9000 	C:\WINDOWS\System32\cfgmgr32.dll
0x00007fff11170000 - 0x00007fff1117f000 	E:\android-studio\jre\jre\bin\verify.dll
0x00007fff0aa20000 - 0x00007fff0aa49000 	E:\android-studio\jre\jre\bin\java.dll
0x00007fff0c560000 - 0x00007fff0c576000 	E:\android-studio\jre\jre\bin\zip.dll
0x00007fff24a20000 - 0x00007fff25e60000 	C:\WINDOWS\System32\SHELL32.dll
0x00007fff25f30000 - 0x00007fff25fd9000 	C:\WINDOWS\System32\shcore.dll
0x00007fff23680000 - 0x00007fff23d8d000 	C:\WINDOWS\System32\windows.storage.dll
0x00007fff24380000 - 0x00007fff243d1000 	C:\WINDOWS\System32\shlwapi.dll
0x00007fff23210000 - 0x00007fff23221000 	C:\WINDOWS\System32\kernel.appcore.dll
0x00007fff232a0000 - 0x00007fff232bf000 	C:\WINDOWS\System32\profapi.dll
0x00007fff23250000 - 0x00007fff2329c000 	C:\WINDOWS\System32\powrprof.dll
0x00007fff23200000 - 0x00007fff2320a000 	C:\WINDOWS\System32\FLTLIB.DLL
0x00007fff0aa00000 - 0x00007fff0aa1a000 	E:\android-studio\jre\jre\bin\net.dll
0x00007fff226c0000 - 0x00007fff22726000 	C:\WINDOWS\system32\mswsock.dll
0x00007fff0a9e0000 - 0x00007fff0a9f1000 	E:\android-studio\jre\jre\bin\nio.dll
0x00007ffefe340000 - 0x00007ffefe35e000 	C:\Users\goldenreign\.gradle\native\25\windows-amd64\native-platform.dll
0x00007fff10670000 - 0x00007fff1067d000 	E:\android-studio\jre\jre\bin\management.dll
0x00007fff22ec0000 - 0x00007fff22ed7000 	C:\WINDOWS\SYSTEM32\CRYPTSP.dll
0x00007fff222a0000 - 0x00007fff222d3000 	C:\WINDOWS\system32\rsaenh.dll
0x00007fff22b30000 - 0x00007fff22b55000 	C:\WINDOWS\SYSTEM32\bcrypt.dll
0x00007fff23130000 - 0x00007fff23158000 	C:\WINDOWS\SYSTEM32\USERENV.dll
0x00007fff22870000 - 0x00007fff2287b000 	C:\WINDOWS\SYSTEM32\CRYPTBASE.dll
0x00007fff22440000 - 0x00007fff22478000 	C:\WINDOWS\SYSTEM32\IPHLPAPI.DLL
0x00007fff260a0000 - 0x00007fff260a8000 	C:\WINDOWS\System32\NSI.dll
0x00007fff1d750000 - 0x00007fff1d766000 	C:\WINDOWS\SYSTEM32\dhcpcsvc6.DLL
0x00007fff1d5c0000 - 0x00007fff1d5da000 	C:\WINDOWS\SYSTEM32\dhcpcsvc.DLL
0x00007fff22b60000 - 0x00007fff22d29000 	C:\WINDOWS\SYSTEM32\dbghelp.dll

VM Arguments:
jvm_args: -Xmx1536m -Dfile.encoding=windows-1252 -Duser.country=US -Duser.language=en -Duser.variant 
java_command: org.gradle.launcher.daemon.bootstrap.GradleDaemon 4.1
java_class_path (initial): C:\Users\goldenreign\.gradle\wrapper\dists\gradle-4.1-all\bzyivzo6n839fup2jbap0tjew\gradle-4.1\lib\gradle-launcher-4.1.jar
Launcher Type: SUN_STANDARD

Environment Variables:
PATH=C:\ProgramData\Oracle\Java\javapath;C:\WINDOWS\system32;C:\WINDOWS;C:\WINDOWS\System32\Wbem;C:\WINDOWS\System32\WindowsPowerShell\v1.0\;C:\Program Files\Git\cmd;C:\WINDOWS\System32\OpenSSH\;C:\Users\goldenreign\AppData\Local\GitHubDesktop\bin;%USERPROFILE%\AppData\Local\Microsoft\WindowsApps;
USERNAME=goldenreign
OS=Windows_NT
PROCESSOR_IDENTIFIER=Intel64 Family 6 Model 58 Stepping 9, GenuineIntel



---------------  S Y S T E M  ---------------

OS: Windows 10.0 , 64 bit Build 17134 (10.0.17134.1)

CPU:total 4 (initial active 4) (4 cores per cpu, 1 threads per core) family 6 model 58 stepping 9, cmov, cx8, fxsr, mmx, sse, sse2, sse3, ssse3, sse4.1, sse4.2, popcnt, avx, aes, clmul, erms, tsc, tscinvbit, tscinv

Memory: 4k page, physical 8281464k(2478972k free), swap 9592184k(1801332k free)

vm_info: OpenJDK 64-Bit Server VM (25.152-b01) for windows-amd64 JRE (1.8.0_152-release-915-b01), built by "builder" with MS VC++ 10.0 (VS2010)

time: Wed Jun 27 14:24:11 2018
elapsed time: 12553 seconds (0d 3h 29m 13s)

