#
# A fatal error has been detected by the Java Runtime Environment:
#
#  EXCEPTION_ACCESS_VIOLATION (0xc0000005) at pc=0x0000000008c6c5ee, pid=8636, tid=0x0000000000001afc
#
# JRE version: OpenJDK Runtime Environment (8.0_152-b01) (build 1.8.0_152-release-915-b01)
# Java VM: OpenJDK 64-Bit Server VM (25.152-b01 mixed mode windows-amd64 compressed oops)
# Problematic frame:
# J 33136 C2 proguard.classfile.ClassPool.classesAccept(Lproguard/classfile/visitor/ClassVisitor;)V (45 bytes) @ 0x0000000008c6c5ee [0x0000000008c6c4a0+0x14e]
#
# Failed to write core dump. Minidumps are not enabled by default on client versions of Windows
#
# If you would like to submit a bug report, please visit:
#   http://bugreport.java.com/bugreport/crash.jsp
#

---------------  T H R E A D  ---------------

Current thread (0x0000000022099800):  JavaThread "Task worker for ':'" [_thread_in_Java, id=6908, stack(0x0000000045e90000,0x0000000045f90000)]

siginfo: ExceptionCode=0xc0000005, reading address 0x0000000110e83b30

Registers:
RAX=0x0000000000000000, RBX=0x00000000fd7dc798, RCX=0x00000000fe7118d0, RDX=0x00000000f55a6990
RSP=0x0000000045f8d2e0, RBP=0x00000000fe7118d0, RSI=0x0000000110e83b18, RDI=0x0000000000000000
R8 =0x00000000221d0763, R9 =0x00000000fe710a90, R10=0x00000000f55a6990, R11=0x000000000000383b
R12=0x0000000000000000, R13=0x00000000e3cb2808, R14=0x0000000000000001, R15=0x0000000022099800
RIP=0x0000000008c6c5ee, EFLAGS=0x0000000000010246

Top of Stack: (sp=0x0000000045f8d2e0)
0x0000000045f8d2e0:   00000000f55a6920 0000383bf55a6990
0x0000000045f8d2f0:   00000000f55a6990 00000000fe710b30
0x0000000045f8d300:   0000000000000000 0000000027828190
0x0000000045f8d310:   0000000000000000 0000000045f8d330
0x0000000045f8d320:   0000000045f8d388 0000000002d8809d
0x0000000045f8d330:   0000000002d8809d 00000000e60f5618
0x0000000045f8d340:   00000000eab26de0 0000000045f8d348
0x0000000045f8d350:   00000000277dc3bb 0000000045f8d4c0
0x0000000045f8d360:   00000000277dd3c8 0000000000000000
0x0000000045f8d370:   00000000277dcbb8 0000000045f8d338
0x0000000045f8d380:   0000000045f8d4b0 0000000045f8d508
0x0000000045f8d390:   0000000002d8809d 0000000000000000
0x0000000045f8d3a0:   0000000000000000 0000000000000000
0x0000000045f8d3b0:   0000000000000000 0000000000000000
0x0000000045f8d3c0:   0000000000000000 0000000000000000
0x0000000045f8d3d0:   0000000000000000 0000000000000000 

Instructions: (pc=0x0000000008c6c5ee)
0x0000000008c6c5ce:   c9 0f 85 f2 00 00 00 48 8b ef 41 8b 59 14 44 8b
0x0000000008c6c5de:   43 08 48 be 00 00 00 00 00 00 00 00 4a 8d 34 c6
0x0000000008c6c5ee:   4c 8b 46 18 48 b9 a0 34 e8 00 01 00 00 00 4c 3b
0x0000000008c6c5fe:   c1 0f 85 d7 00 00 00 4c 8b c3 41 8b 48 08 81 f9 


Register to memory mapping:

RAX=0x0000000000000000 is an unknown value
RBX=0x00000000fd7dc798 is an oop

[error occurred during error reporting (printing register info), id 0xc0000005]

Stack: [0x0000000045e90000,0x0000000045f90000],  sp=0x0000000045f8d2e0,  free space=1012k
Native frames: (J=compiled Java code, j=interpreted, Vv=VM code, C=native code)
C  0x0000000008c6c5ee


---------------  P R O C E S S  ---------------

Java Threads: ( => current thread )
  0x000000002209d800 JavaThread "Cache worker for Java compile cache (F:\AutoRideNewRider\AutoRideRider\AutoRideRider\.gradle\4.1\javaCompile)" [_thread_blocked, id=10080, stack(0x0000000046190000,0x0000000046290000)]
  0x000000002209c800 JavaThread "Task worker for ':' Thread 3" [_thread_blocked, id=616, stack(0x0000000046090000,0x0000000046190000)]
  0x00000000220a1000 JavaThread "Task worker for ':' Thread 2" [_thread_blocked, id=10068, stack(0x0000000045f90000,0x0000000046090000)]
=>0x0000000022099800 JavaThread "Task worker for ':'" [_thread_in_Java, id=6908, stack(0x0000000045e90000,0x0000000045f90000)]
  0x00000000220a0800 JavaThread "Cache worker for task history cache (F:\AutoRideNewRider\AutoRideRider\AutoRideRider\.gradle\4.1\taskHistory)" [_thread_blocked, id=4788, stack(0x0000000045d90000,0x0000000045e90000)]
  0x000000002209c000 JavaThread "Cache worker for file content cache (F:\AutoRideNewRider\AutoRideRider\AutoRideRider\.gradle\4.1\fileContent)" [_thread_blocked, id=1848, stack(0x0000000045c90000,0x0000000045d90000)]
  0x000000002209f800 JavaThread "build operations Thread 4" [_thread_blocked, id=10164, stack(0x0000000045b90000,0x0000000045c90000)]
  0x0000000023aa2000 JavaThread "build operations Thread 3" [_thread_blocked, id=8408, stack(0x0000000045a90000,0x0000000045b90000)]
  0x0000000023aa0000 JavaThread "build operations Thread 2" [_thread_blocked, id=3964, stack(0x0000000045990000,0x0000000045a90000)]
  0x0000000023a9f000 JavaThread "build operations" [_thread_blocked, id=2824, stack(0x0000000045890000,0x0000000045990000)]
  0x0000000023a9e800 JavaThread "Cache worker for Artifact transforms cache (C:\Users\goldenreign\.gradle\caches\transforms-1)" [_thread_blocked, id=6304, stack(0x0000000045790000,0x0000000045890000)]
  0x0000000023aa1800 JavaThread "Cache worker for file hash cache (F:\AutoRideNewRider\AutoRideRider\AutoRideRider\.gradle\4.1\fileHashes)" [_thread_blocked, id=7564, stack(0x0000000045690000,0x0000000045790000)]
  0x0000000023a97000 JavaThread "Stdin handler" [_thread_blocked, id=1440, stack(0x0000000045590000,0x0000000045690000)]
  0x0000000023a9d800 JavaThread "Asynchronous log dispatcher for DefaultDaemonConnection: socket connection from /127.0.0.1:57267 to /127.0.0.1:54953" [_thread_blocked, id=9876, stack(0x0000000045490000,0x0000000045590000)]
  0x0000000023a94800 JavaThread "Daemon worker Thread 11" [_thread_blocked, id=6372, stack(0x0000000045390000,0x0000000045490000)]
  0x0000000023a93000 JavaThread "Cancel handler" [_thread_blocked, id=7764, stack(0x0000000045290000,0x0000000045390000)]
  0x0000000023a96000 JavaThread "Handler for socket connection from /127.0.0.1:57267 to /127.0.0.1:54953" [_thread_in_native, id=7520, stack(0x0000000045190000,0x0000000045290000)]
  0x0000000023a95800 JavaThread "Daemon Thread 11" [_thread_blocked, id=8100, stack(0x0000000045090000,0x0000000045190000)]
  0x0000000023a99000 JavaThread "pool-28-thread-1" [_thread_blocked, id=1212, stack(0x0000000042290000,0x0000000042390000)]
  0x000000001a5e2800 JavaThread "Memory manager" [_thread_blocked, id=2288, stack(0x0000000020fb0000,0x00000000210b0000)]
  0x000000001a5e4000 JavaThread "pool-1-thread-1" [_thread_blocked, id=3912, stack(0x0000000020cb0000,0x0000000020db0000)]
  0x000000001a206800 JavaThread "File lock request listener" [_thread_in_native, id=2368, stack(0x000000001bfa0000,0x000000001c0a0000)]
  0x000000001a206000 JavaThread "Cache worker for file hash cache (C:\Users\goldenreign\.gradle\caches\4.1\fileHashes)" [_thread_blocked, id=8332, stack(0x000000001bea0000,0x000000001bfa0000)]
  0x0000000019ff0000 JavaThread "Daemon periodic checks" [_thread_blocked, id=4500, stack(0x000000001b5a0000,0x000000001b6a0000)]
  0x00000000198dd800 JavaThread "Incoming local TCP Connector on port 57267" [_thread_in_native, id=8028, stack(0x0000000019e10000,0x0000000019f10000)]
  0x0000000018044800 JavaThread "Service Thread" daemon [_thread_blocked, id=1436, stack(0x0000000018440000,0x0000000018540000)]
  0x000000001674b800 JavaThread "C1 CompilerThread2" daemon [_thread_blocked, id=7248, stack(0x0000000017f40000,0x0000000018040000)]
  0x0000000016748800 JavaThread "C2 CompilerThread1" daemon [_thread_blocked, id=3556, stack(0x0000000017e40000,0x0000000017f40000)]
  0x00000000166eb800 JavaThread "C2 CompilerThread0" daemon [_thread_blocked, id=10236, stack(0x0000000017d40000,0x0000000017e40000)]
  0x00000000166ea000 JavaThread "Attach Listener" daemon [_thread_blocked, id=3352, stack(0x0000000017c40000,0x0000000017d40000)]
  0x00000000166e9000 JavaThread "Signal Dispatcher" daemon [_thread_blocked, id=5124, stack(0x0000000017b40000,0x0000000017c40000)]
  0x0000000002d74800 JavaThread "Finalizer" daemon [_thread_blocked, id=3176, stack(0x0000000017950000,0x0000000017a50000)]
  0x0000000002d71000 JavaThread "Reference Handler" daemon [_thread_blocked, id=2972, stack(0x0000000017850000,0x0000000017950000)]
  0x0000000002c82800 JavaThread "main" [_thread_blocked, id=8148, stack(0x0000000002b80000,0x0000000002c80000)]

Other Threads:
  0x00000000166b5800 VMThread [stack: 0x0000000017750000,0x0000000017850000] [id=9908]
  0x0000000018045800 WatcherThread [stack: 0x0000000018540000,0x0000000018640000] [id=8424]

VM state:not at safepoint (normal execution)

VM Mutex/Monitor currently owned by a thread: None

Heap:
 PSYoungGen      total 349696K, used 214941K [0x00000000e0000000, 0x0000000100000000, 0x0000000100000000)
  eden space 175104K, 37% used [0x00000000e0000000,0x00000000e3fbc7b8,0x00000000eab00000)
  from space 174592K, 85% used [0x00000000f5580000,0x00000000fe7aad70,0x0000000100000000)
  to   space 174592K, 0% used [0x00000000eab00000,0x00000000eab00000,0x00000000f5580000)
 ParOldGen       total 766464K, used 234812K [0x00000000a0000000, 0x00000000cec80000, 0x00000000e0000000)
  object space 766464K, 30% used [0x00000000a0000000,0x00000000ae54f3b8,0x00000000cec80000)
 Metaspace       used 113089K, capacity 119598K, committed 119936K, reserved 1155072K
  class space    used 13706K, capacity 15121K, committed 15232K, reserved 1048576K

Card table byte_map: [0x0000000012140000,0x0000000012450000] byte_map_base: 0x0000000011c40000

Marking Bits: (ParMarkBitMap*) 0x0000000056373950
 Begin Bits: [0x0000000012a50000, 0x0000000014250000)
 End Bits:   [0x0000000014250000, 0x0000000015a50000)

Polling page: 0x0000000000ed0000

CodeCache: size=245760Kb used=108739Kb max_used=109123Kb free=137021Kb
 bounds [0x0000000002d80000, 0x0000000009900000, 0x0000000011d80000]
 total_blobs=27438 nmethods=26519 adapters=828
 compilation: enabled

Compilation events (10 events):
Event: 5070.443 Thread 0x0000000016748800 38561       4       proguard.classfile.util.SimplifiedVisitor::visitAnySwitchInstruction (12 bytes)
Event: 5070.448 Thread 0x0000000016748800 nmethod 38561 0x0000000003513750 code [0x0000000003513900, 0x0000000003513d28]
Event: 5070.920 Thread 0x00000000166eb800 38562       4       proguard.classfile.instruction.LookUpSwitchInstruction::readInfo (88 bytes)
Event: 5070.925 Thread 0x00000000166eb800 nmethod 38562 0x0000000003d4db10 code [0x0000000003d4dc60, 0x0000000003d4e0f8]
Event: 5071.081 Thread 0x0000000016748800 38563       4       proguard.classfile.LibraryClass::hierarchyAccept (169 bytes)
Event: 5071.085 Thread 0x0000000016748800 nmethod 38563 0x00000000084c5a50 code [0x00000000084c5be0, 0x00000000084c6028]
Event: 5071.098 Thread 0x00000000166eb800 38564       4       proguard.classfile.visitor.ReferencedClassVisitor::visitEnclosingMethodAttribute (9 bytes)
Event: 5071.099 Thread 0x00000000166eb800 nmethod 38564 0x0000000005972b90 code [0x0000000005972ce0, 0x0000000005972db8]
Event: 5071.108 Thread 0x0000000016748800 38565       4       proguard.classfile.util.SimplifiedVisitor::visitDoubleConstant (7 bytes)
Event: 5071.109 Thread 0x0000000016748800 nmethod 38565 0x0000000003aa4ad0 code [0x0000000003aa4c00, 0x0000000003aa4c78]

GC Heap History (10 events):
Event: 5069.076 GC heap before
{Heap before GC invocations=172 (full 28):
 PSYoungGen      total 359424K, used 219952K [0x00000000e0000000, 0x00000000ffd80000, 0x0000000100000000)
  eden space 203264K, 100% used [0x00000000e0000000,0x00000000ec680000,0x00000000ec680000)
  from space 156160K, 10% used [0x00000000ec680000,0x00000000ed6cc288,0x00000000f5f00000)
  to   space 156672K, 0% used [0x00000000f6480000,0x00000000f6480000,0x00000000ffd80000)
 ParOldGen       total 766464K, used 230009K [0x00000000a0000000, 0x00000000cec80000, 0x00000000e0000000)
  object space 766464K, 30% used [0x00000000a0000000,0x00000000ae09e4d0,0x00000000cec80000)
 Metaspace       used 113089K, capacity 119598K, committed 119936K, reserved 1155072K
  class space    used 13706K, capacity 15121K, committed 15232K, reserved 1048576K
Event: 5069.126 GC heap after
Heap after GC invocations=172 (full 28):
 PSYoungGen      total 360960K, used 85542K [0x00000000e0000000, 0x00000000ffa00000, 0x0000000100000000)
  eden space 207872K, 0% used [0x00000000e0000000,0x00000000e0000000,0x00000000ecb00000)
  from space 153088K, 55% used [0x00000000f6480000,0x00000000fb809b90,0x00000000ffa00000)
  to   space 155136K, 0% used [0x00000000ecb00000,0x00000000ecb00000,0x00000000f6280000)
 ParOldGen       total 766464K, used 234244K [0x00000000a0000000, 0x00000000cec80000, 0x00000000e0000000)
  object space 766464K, 30% used [0x00000000a0000000,0x00000000ae4c13b8,0x00000000cec80000)
 Metaspace       used 113089K, capacity 119598K, committed 119936K, reserved 1155072K
  class space    used 13706K, capacity 15121K, committed 15232K, reserved 1048576K
}
Event: 5069.586 GC heap before
{Heap before GC invocations=173 (full 28):
 PSYoungGen      total 360960K, used 293414K [0x00000000e0000000, 0x00000000ffa00000, 0x0000000100000000)
  eden space 207872K, 100% used [0x00000000e0000000,0x00000000ecb00000,0x00000000ecb00000)
  from space 153088K, 55% used [0x00000000f6480000,0x00000000fb809b90,0x00000000ffa00000)
  to   space 155136K, 0% used [0x00000000ecb00000,0x00000000ecb00000,0x00000000f6280000)
 ParOldGen       total 766464K, used 234244K [0x00000000a0000000, 0x00000000cec80000, 0x00000000e0000000)
  object space 766464K, 30% used [0x00000000a0000000,0x00000000ae4c13b8,0x00000000cec80000)
 Metaspace       used 113089K, capacity 119598K, committed 119936K, reserved 1155072K
  class space    used 13706K, capacity 15121K, committed 15232K, reserved 1048576K
Event: 5069.657 GC heap after
Heap after GC invocations=173 (full 28):
 PSYoungGen      total 338944K, used 130772K [0x00000000e0000000, 0x0000000100000000, 0x0000000100000000)
  eden space 207872K, 0% used [0x00000000e0000000,0x00000000e0000000,0x00000000ecb00000)
  from space 131072K, 99% used [0x00000000ecb00000,0x00000000f4ab5090,0x00000000f4b00000)
  to   space 170496K, 0% used [0x00000000f5980000,0x00000000f5980000,0x0000000100000000)
 ParOldGen       total 766464K, used 234716K [0x00000000a0000000, 0x00000000cec80000, 0x00000000e0000000)
  object space 766464K, 30% used [0x00000000a0000000,0x00000000ae5373b8,0x00000000cec80000)
 Metaspace       used 113089K, capacity 119598K, committed 119936K, reserved 1155072K
  class space    used 13706K, capacity 15121K, committed 15232K, reserved 1048576K
}
Event: 5069.913 GC heap before
{Heap before GC invocations=174 (full 28):
 PSYoungGen      total 338944K, used 338644K [0x00000000e0000000, 0x0000000100000000, 0x0000000100000000)
  eden space 207872K, 100% used [0x00000000e0000000,0x00000000ecb00000,0x00000000ecb00000)
  from space 131072K, 99% used [0x00000000ecb00000,0x00000000f4ab5090,0x00000000f4b00000)
  to   space 170496K, 0% used [0x00000000f5980000,0x00000000f5980000,0x0000000100000000)
 ParOldGen       total 766464K, used 234716K [0x00000000a0000000, 0x00000000cec80000, 0x00000000e0000000)
  object space 766464K, 30% used [0x00000000a0000000,0x00000000ae5373b8,0x00000000cec80000)
 Metaspace       used 113089K, capacity 119598K, committed 119936K, reserved 1155072K
  class space    used 13706K, capacity 15121K, committed 15232K, reserved 1048576K
Event: 5069.998 GC heap after
Heap after GC invocations=174 (full 28):
 PSYoungGen      total 345600K, used 141333K [0x00000000e0000000, 0x0000000100000000, 0x0000000100000000)
  eden space 175104K, 0% used [0x00000000e0000000,0x00000000e0000000,0x00000000eab00000)
  from space 170496K, 82% used [0x00000000f5980000,0x00000000fe385480,0x0000000100000000)
  to   space 174592K, 0% used [0x00000000eab00000,0x00000000eab00000,0x00000000f5580000)
 ParOldGen       total 766464K, used 234748K [0x00000000a0000000, 0x00000000cec80000, 0x00000000e0000000)
  object space 766464K, 30% used [0x00000000a0000000,0x00000000ae53f3b8,0x00000000cec80000)
 Metaspace       used 113089K, capacity 119598K, committed 119936K, reserved 1155072K
  class space    used 13706K, capacity 15121K, committed 15232K, reserved 1048576K
}
Event: 5070.275 GC heap before
{Heap before GC invocations=175 (full 28):
 PSYoungGen      total 345600K, used 316437K [0x00000000e0000000, 0x0000000100000000, 0x0000000100000000)
  eden space 175104K, 100% used [0x00000000e0000000,0x00000000eab00000,0x00000000eab00000)
  from space 170496K, 82% used [0x00000000f5980000,0x00000000fe385480,0x0000000100000000)
  to   space 174592K, 0% used [0x00000000eab00000,0x00000000eab00000,0x00000000f5580000)
 ParOldGen       total 766464K, used 234748K [0x00000000a0000000, 0x00000000cec80000, 0x00000000e0000000)
  object space 766464K, 30% used [0x00000000a0000000,0x00000000ae53f3b8,0x00000000cec80000)
 Metaspace       used 113089K, capacity 119598K, committed 119936K, reserved 1155072K
  class space    used 13706K, capacity 15121K, committed 15232K, reserved 1048576K
Event: 5070.356 GC heap after
Heap after GC invocations=175 (full 28):
 PSYoungGen      total 349696K, used 149582K [0x00000000e0000000, 0x0000000100000000, 0x0000000100000000)
  eden space 175104K, 0% used [0x00000000e0000000,0x00000000e0000000,0x00000000eab00000)
  from space 174592K, 85% used [0x00000000eab00000,0x00000000f3d138a8,0x00000000f5580000)
  to   space 174592K, 0% used [0x00000000f5580000,0x00000000f5580000,0x0000000100000000)
 ParOldGen       total 766464K, used 234780K [0x00000000a0000000, 0x00000000cec80000, 0x00000000e0000000)
  object space 766464K, 30% used [0x00000000a0000000,0x00000000ae5473b8,0x00000000cec80000)
 Metaspace       used 113089K, capacity 119598K, committed 119936K, reserved 1155072K
  class space    used 13706K, capacity 15121K, committed 15232K, reserved 1048576K
}
Event: 5071.145 GC heap before
{Heap before GC invocations=176 (full 28):
 PSYoungGen      total 349696K, used 324686K [0x00000000e0000000, 0x0000000100000000, 0x0000000100000000)
  eden space 175104K, 100% used [0x00000000e0000000,0x00000000eab00000,0x00000000eab00000)
  from space 174592K, 85% used [0x00000000eab00000,0x00000000f3d138a8,0x00000000f5580000)
  to   space 174592K, 0% used [0x00000000f5580000,0x00000000f5580000,0x0000000100000000)
 ParOldGen       total 766464K, used 234780K [0x00000000a0000000, 0x00000000cec80000, 0x00000000e0000000)
  object space 766464K, 30% used [0x00000000a0000000,0x00000000ae5473b8,0x00000000cec80000)
 Metaspace       used 113089K, capacity 119598K, committed 119936K, reserved 1155072K
  class space    used 13706K, capacity 15121K, committed 15232K, reserved 1048576K
Event: 5071.221 GC heap after
Heap after GC invocations=176 (full 28):
 PSYoungGen      total 349696K, used 149675K [0x00000000e0000000, 0x0000000100000000, 0x0000000100000000)
  eden space 175104K, 0% used [0x00000000e0000000,0x00000000e0000000,0x00000000eab00000)
  from space 174592K, 85% used [0x00000000f5580000,0x00000000fe7aad70,0x0000000100000000)
  to   space 174592K, 0% used [0x00000000eab00000,0x00000000eab00000,0x00000000f5580000)
 ParOldGen       total 766464K, used 234812K [0x00000000a0000000, 0x00000000cec80000, 0x00000000e0000000)
  object space 766464K, 30% used [0x00000000a0000000,0x00000000ae54f3b8,0x00000000cec80000)
 Metaspace       used 113089K, capacity 119598K, committed 119936K, reserved 1155072K
  class space    used 13706K, capacity 15121K, committed 15232K, reserved 1048576K
}

Deoptimization events (10 events):
Event: 5066.771 Thread 0x000000002209c800 Uncommon trap: reason=class_check action=maybe_recompile pc=0x0000000009539a38 method=com.intellij.util.containers.RefHashMap.keyEqual(Ljava/lang/Object;Ljava/lang/Object;Lgnu/trove/TObjectHashingStrategy;)Z @ 8
Event: 5066.771 Thread 0x000000002209c800 Uncommon trap: reason=class_check action=maybe_recompile pc=0x0000000009539a38 method=com.intellij.util.containers.RefHashMap.keyEqual(Ljava/lang/Object;Ljava/lang/Object;Lgnu/trove/TObjectHashingStrategy;)Z @ 8
Event: 5066.998 Thread 0x000000002209c800 Uncommon trap: reason=unstable_if action=reinterpret pc=0x0000000007d26af8 method=java.util.jar.JarOutputStream.putNextEntry(Ljava/util/zip/ZipEntry;)V @ 4
Event: 5068.405 Thread 0x000000002209c800 Uncommon trap: reason=class_check action=maybe_recompile pc=0x000000000656f400 method=java.nio.file.Files.walkFileTree(Ljava/nio/file/Path;Ljava/util/Set;ILjava/nio/file/FileVisitor;)Ljava/nio/file/Path; @ 144
Event: 5068.422 Thread 0x000000002209c800 Uncommon trap: reason=array_check action=maybe_recompile pc=0x0000000008da1b98 method=java.util.TimSort.mergeLo(IIII)V @ 81
Event: 5068.422 Thread 0x000000002209c800 Uncommon trap: reason=array_check action=maybe_recompile pc=0x0000000008da1b98 method=java.util.TimSort.mergeLo(IIII)V @ 81
Event: 5068.982 Thread 0x0000000022099800 Uncommon trap: reason=range_check action=make_not_entrant pc=0x0000000008d488e8 method=proguard.classfile.constant.Utf8Constant.getStringRepresentation([B)Ljava/lang/String; @ 23
Event: 5069.312 Thread 0x0000000022099800 Uncommon trap: reason=unstable_if action=reinterpret pc=0x0000000003eeda38 method=proguard.classfile.visitor.ClassVersionFilter.visitProgramClass(Lproguard/classfile/ProgramClass;)V @ 8
Event: 5069.351 Thread 0x0000000022099800 Uncommon trap: reason=unstable_if action=reinterpret pc=0x000000000582a824 method=proguard.GetAnnotationChecker.visitMethodrefConstant(Lproguard/classfile/Clazz;Lproguard/classfile/constant/MethodrefConstant;)V @ 77
Event: 5071.113 Thread 0x0000000022099800 Uncommon trap: reason=class_check action=maybe_recompile pc=0x0000000008c7aba4 method=proguard.classfile.constant.StringConstant.referencedClassAccept(Lproguard/classfile/visitor/ClassVisitor;)V @ 19

Classes redefined (0 events):
No events

Internal exceptions (10 events):
Event: 5060.070 Thread 0x000000002209c800 Implicit null exception at 0x00000000061772f0 to 0x00000000061773bb
Event: 5060.082 Thread 0x000000002209c800 Implicit null exception at 0x000000000836b646 to 0x000000000836d2a9
Event: 5060.106 Thread 0x000000002209c800 Implicit null exception at 0x0000000003da6a43 to 0x0000000003da7c91
Event: 5060.107 Thread 0x000000002209c800 Implicit null exception at 0x00000000080bdb7d to 0x00000000080bee1c
Event: 5060.248 Thread 0x000000002209c800 Implicit null exception at 0x0000000005f1db08 to 0x0000000005f1ebcd
Event: 5060.279 Thread 0x000000002209c800 Implicit null exception at 0x0000000007b3fbad to 0x0000000007b3fe59
Event: 5061.946 Thread 0x000000002209c800 Implicit null exception at 0x000000000934fc24 to 0x000000000934fef1
Event: 5062.619 Thread 0x000000002209c800 Implicit null exception at 0x0000000009642cc7 to 0x00000000096441d5
Event: 5064.397 Thread 0x000000002209c800 Implicit null exception at 0x000000000981050f to 0x0000000009810711
Event: 5066.996 Thread 0x000000002209c800 Exception <a 'sun/nio/fs/WindowsException'> (0x00000000eaabf468) thrown at [D:\src\AOSP-openjdk-cygwin\jdk8u\hotspot\src\share\vm\prims\jni.cpp, line 709]

Events (10 events):
Event: 5071.100 Thread 0x00000000166eb800 flushing nmethod 0x00000000051d3e90
Event: 5071.100 Thread 0x00000000166eb800 flushing nmethod 0x00000000052f2d10
Event: 5071.100 Thread 0x00000000166eb800 flushing nmethod 0x00000000053b0910
Event: 5071.100 Thread 0x00000000166eb800 flushing nmethod 0x00000000053f9610
Event: 5071.101 Thread 0x00000000166eb800 flushing nmethod 0x00000000054c8050
Event: 5071.113 Thread 0x0000000022099800 Uncommon trap: trap_request=0xffffffde fr.pc=0x0000000008c7aba4
Event: 5071.113 Thread 0x0000000022099800 DEOPT PACKING pc=0x0000000008c7aba4 sp=0x0000000045f8d200
Event: 5071.113 Thread 0x0000000022099800 DEOPT UNPACKING pc=0x0000000002dc556a sp=0x0000000045f8d128 mode 2
Event: 5071.144 Executing VM operation: ParallelGCFailedAllocation
Event: 5071.222 Executing VM operation: ParallelGCFailedAllocation done


Dynamic libraries:
0x00007ff666c00000 - 0x00007ff666c31000 	E:\android-studio\jre\bin\java.exe
0x00007ffaa5b00000 - 0x00007ffaa5ce1000 	C:\WINDOWS\SYSTEM32\ntdll.dll
0x00007ffaa4c40000 - 0x00007ffaa4cf2000 	C:\WINDOWS\System32\KERNEL32.DLL
0x00007ffaa2c60000 - 0x00007ffaa2ed3000 	C:\WINDOWS\System32\KERNELBASE.dll
0x00007ffaa2f90000 - 0x00007ffaa3031000 	C:\WINDOWS\System32\ADVAPI32.dll
0x00007ffaa4870000 - 0x00007ffaa490e000 	C:\WINDOWS\System32\msvcrt.dll
0x00007ffaa5150000 - 0x00007ffaa51ab000 	C:\WINDOWS\System32\sechost.dll
0x00007ffaa5930000 - 0x00007ffaa5a54000 	C:\WINDOWS\System32\RPCRT4.dll
0x00007ffaa30e0000 - 0x00007ffaa3270000 	C:\WINDOWS\System32\USER32.dll
0x00007ffaa22c0000 - 0x00007ffaa22e0000 	C:\WINDOWS\System32\win32u.dll
0x00007ffaa4910000 - 0x00007ffaa4938000 	C:\WINDOWS\System32\GDI32.dll
0x00007ffaa2ac0000 - 0x00007ffaa2c52000 	C:\WINDOWS\System32\gdi32full.dll
0x00007ffaa1f30000 - 0x00007ffaa1fcf000 	C:\WINDOWS\System32\msvcp_win.dll
0x00007ffaa1fd0000 - 0x00007ffaa20ca000 	C:\WINDOWS\System32\ucrtbase.dll
0x00007ffa96ff0000 - 0x00007ffa97259000 	C:\WINDOWS\WinSxS\amd64_microsoft.windows.common-controls_6595b64144ccf1df_6.0.17134.165_none_fb429645306569ac\COMCTL32.dll
0x00007ffaa5600000 - 0x00007ffaa5923000 	C:\WINDOWS\System32\combase.dll
0x00007ffaa2330000 - 0x00007ffaa23aa000 	C:\WINDOWS\System32\bcryptPrimitives.dll
0x00007ffaa5400000 - 0x00007ffaa542d000 	C:\WINDOWS\System32\IMM32.DLL
0x0000000055ad0000 - 0x0000000055ba2000 	E:\android-studio\jre\jre\bin\msvcr100.dll
0x0000000055bb0000 - 0x00000000563ee000 	E:\android-studio\jre\jre\bin\server\jvm.dll
0x00007ffaa3360000 - 0x00007ffaa3368000 	C:\WINDOWS\System32\PSAPI.DLL
0x00007ffaa1700000 - 0x00007ffaa1709000 	C:\WINDOWS\SYSTEM32\WSOCK32.dll
0x00007ffa9fd90000 - 0x00007ffa9fdb3000 	C:\WINDOWS\SYSTEM32\WINMM.dll
0x00007ffaa5a60000 - 0x00007ffaa5acc000 	C:\WINDOWS\System32\WS2_32.dll
0x00007ffa96b40000 - 0x00007ffa96b4a000 	C:\WINDOWS\SYSTEM32\VERSION.dll
0x00007ffa9f8f0000 - 0x00007ffa9f91a000 	C:\WINDOWS\SYSTEM32\WINMMBASE.dll
0x00007ffaa22e0000 - 0x00007ffaa2329000 	C:\WINDOWS\System32\cfgmgr32.dll
0x00007ffa97830000 - 0x00007ffa9783f000 	E:\android-studio\jre\jre\bin\verify.dll
0x00007ffa91fe0000 - 0x00007ffa92009000 	E:\android-studio\jre\jre\bin\java.dll
0x00007ffa97810000 - 0x00007ffa97826000 	E:\android-studio\jre\jre\bin\zip.dll
0x00007ffaa33d0000 - 0x00007ffaa4810000 	C:\WINDOWS\System32\SHELL32.dll
0x00007ffaa4a10000 - 0x00007ffaa4ab9000 	C:\WINDOWS\System32\shcore.dll
0x00007ffaa23b0000 - 0x00007ffaa2abd000 	C:\WINDOWS\System32\windows.storage.dll
0x00007ffaa4810000 - 0x00007ffaa4861000 	C:\WINDOWS\System32\shlwapi.dll
0x00007ffaa1eb0000 - 0x00007ffaa1ec1000 	C:\WINDOWS\System32\kernel.appcore.dll
0x00007ffaa1e90000 - 0x00007ffaa1eaf000 	C:\WINDOWS\System32\profapi.dll
0x00007ffaa1e40000 - 0x00007ffaa1e8c000 	C:\WINDOWS\System32\powrprof.dll
0x00007ffaa1e30000 - 0x00007ffaa1e3a000 	C:\WINDOWS\System32\FLTLIB.DLL
0x00007ffa96f40000 - 0x00007ffa96f5a000 	E:\android-studio\jre\jre\bin\net.dll
0x00007ffaa12d0000 - 0x00007ffaa1336000 	C:\WINDOWS\system32\mswsock.dll
0x00007ffa95db0000 - 0x00007ffa95dc1000 	E:\android-studio\jre\jre\bin\nio.dll
0x00007ffa8e290000 - 0x00007ffa8e2ae000 	C:\Users\goldenreign\.gradle\native\25\windows-amd64\native-platform.dll
0x00007ffa951d0000 - 0x00007ffa951dd000 	E:\android-studio\jre\jre\bin\management.dll
0x00007ffaa1940000 - 0x00007ffaa1957000 	C:\WINDOWS\SYSTEM32\CRYPTSP.dll
0x00007ffaa0eb0000 - 0x00007ffaa0ee3000 	C:\WINDOWS\system32\rsaenh.dll
0x00007ffaa1740000 - 0x00007ffaa1765000 	C:\WINDOWS\SYSTEM32\bcrypt.dll
0x00007ffaa1d10000 - 0x00007ffaa1d38000 	C:\WINDOWS\SYSTEM32\USERENV.dll
0x00007ffaa1480000 - 0x00007ffaa148b000 	C:\WINDOWS\SYSTEM32\CRYPTBASE.dll
0x00007ffaa1050000 - 0x00007ffaa1088000 	C:\WINDOWS\SYSTEM32\IPHLPAPI.DLL
0x00007ffaa5450000 - 0x00007ffaa5458000 	C:\WINDOWS\System32\NSI.dll
0x00007ffa9c350000 - 0x00007ffa9c366000 	C:\WINDOWS\SYSTEM32\dhcpcsvc6.DLL
0x00007ffa9c1a0000 - 0x00007ffa9c1ba000 	C:\WINDOWS\SYSTEM32\dhcpcsvc.DLL
0x00007ffa8ff40000 - 0x00007ffa8ff64000 	E:\android-studio\jre\jre\bin\sunec.dll
0x00007ffaa1090000 - 0x00007ffaa114e000 	C:\WINDOWS\SYSTEM32\DNSAPI.dll
0x00007ffa99b50000 - 0x00007ffa99b5a000 	C:\Windows\System32\rasadhlp.dll
0x00007ffa9bc70000 - 0x00007ffa9bce2000 	C:\WINDOWS\System32\fwpuclnt.dll
0x00007ffa8feb0000 - 0x00007ffa8febb000 	E:\android-studio\jre\jre\bin\sunmscapi.dll
0x00007ffaa20d0000 - 0x00007ffaa22b2000 	C:\WINDOWS\System32\CRYPT32.dll
0x00007ffaa1e10000 - 0x00007ffaa1e22000 	C:\WINDOWS\System32\MSASN1.dll
0x00007ffaa0ba0000 - 0x00007ffaa0bd1000 	C:\WINDOWS\SYSTEM32\ntmarta.dll
0x00007ffaa1770000 - 0x00007ffaa1939000 	C:\WINDOWS\SYSTEM32\dbghelp.dll

VM Arguments:
jvm_args: -Xmx1536m -Dfile.encoding=windows-1252 -Duser.country=US -Duser.language=en -Duser.variant 
java_command: org.gradle.launcher.daemon.bootstrap.GradleDaemon 4.1
java_class_path (initial): C:\Users\goldenreign\.gradle\wrapper\dists\gradle-4.1-all\bzyivzo6n839fup2jbap0tjew\gradle-4.1\lib\gradle-launcher-4.1.jar
Launcher Type: SUN_STANDARD

Environment Variables:
PATH=C:\ProgramData\Oracle\Java\javapath;C:\WINDOWS\system32;C:\WINDOWS;C:\WINDOWS\System32\Wbem;C:\WINDOWS\System32\WindowsPowerShell\v1.0\;C:\Program Files\Git\cmd;C:\WINDOWS\System32\OpenSSH\;C:\Users\goldenreign\AppData\Local\GitHubDesktop\bin;%USERPROFILE%\AppData\Local\Microsoft\WindowsApps;
USERNAME=goldenreign
OS=Windows_NT
PROCESSOR_IDENTIFIER=Intel64 Family 6 Model 58 Stepping 9, GenuineIntel



---------------  S Y S T E M  ---------------

OS: Windows 10.0 , 64 bit Build 17134 (10.0.17134.1)

CPU:total 4 (initial active 4) (4 cores per cpu, 1 threads per core) family 6 model 58 stepping 9, cmov, cx8, fxsr, mmx, sse, sse2, sse3, ssse3, sse4.1, sse4.2, popcnt, avx, aes, clmul, erms, tsc, tscinvbit, tscinv

Memory: 4k page, physical 8281464k(2215176k free), swap 10116472k(3225124k free)

vm_info: OpenJDK 64-Bit Server VM (25.152-b01) for windows-amd64 JRE (1.8.0_152-release-915-b01), built by "builder" with MS VC++ 10.0 (VS2010)

time: Mon Jul 16 11:39:15 2018
elapsed time: 5071 seconds (0d 1h 24m 31s)

